<?xml version="1.0" encoding="UTF-8"?>
<!-- Generated by org.testng.reporters.JUnitReportReporter -->
<testsuite hostname="DESKTOP-C3BNNEF" failures="0" tests="2" name="com.cg.TestNGAnnotations.DemoTest" time="0.032" errors="0" timestamp="2022-03-24T13:08:55 IST" skipped="0">
  <testcase classname="com.cg.TestNGAnnotations.DemoTest" name="testMethod2" time="0.016"/>
  <system-out/>
  <testcase classname="com.cg.TestNGAnnotations.DemoTest" name="testMethod3" time="0.016"/>
  <system-out/>
</testsuite> <!-- com.cg.TestNGAnnotations.DemoTest -->
