<?xml version="1.0" encoding="UTF-8"?>
<!-- Generated by org.testng.reporters.JUnitReportReporter -->
<testsuite hostname="DESKTOP-C3BNNEF" failures="0" tests="2" name="com.cg.Test2" time="0.005" errors="0" timestamp="2022-03-24T17:25:09 IST" skipped="1">
  <testcase classname="com.cg.Test2" name="demo2" time="0.005"/>
  <system-out/>
  <testcase classname="com.cg.Test2" name="demo1">
    <skipped/>
  </testcase> <!-- demo1 -->
  <system-out/>
</testsuite> <!-- com.cg.Test2 -->
