<?xml version="1.0" encoding="UTF-8"?>
<!-- Generated by org.testng.reporters.JUnitReportReporter -->
<testsuite hostname="DESKTOP-C3BNNEF" failures="0" tests="5" name="com.cg.Test1" time="0.028" errors="0" timestamp="2022-03-24T17:25:09 IST" skipped="0">
  <testcase classname="com.cg.Test1" name="testMethod1" time="0.004"/>
  <system-out/>
  <testcase classname="com.cg.Test1" name="testMethod3" time="0.003"/>
  <system-out/>
  <testcase classname="com.cg.Test1" name="method1" time="0.015"/>
  <system-out/>
  <testcase classname="com.cg.Test1" name="testMethod2" time="0.003"/>
  <system-out/>
  <testcase classname="com.cg.Test1" name="method2" time="0.003"/>
  <system-out/>
</testsuite> <!-- com.cg.Test1 -->
