<?xml version="1.0" encoding="UTF-8"?>
<!-- Generated by org.testng.reporters.JUnitReportReporter -->
<testsuite hostname="DESKTOP-C3BNNEF" failures="0" tests="13" name="com.cg.DemoAnnotationsAttributes" time="0.067" errors="0" timestamp="2022-03-25T12:12:36 IST" skipped="0">
  <testcase classname="com.cg.DemoAnnotationsAttributes" name="divide" time="0.016"/>
  <system-out/>
  <testcase classname="com.cg.DemoAnnotationsAttributes" name="useData" time="0.005"/>
  <system-out/>
  <testcase classname="com.cg.DemoAnnotationsAttributes" name="useData" time="0.003"/>
  <system-out/>
  <testcase classname="com.cg.DemoAnnotationsAttributes" name="debitAmount" time="0.003"/>
  <system-out/>
  <testcase classname="com.cg.DemoAnnotationsAttributes" name="useData" time="0.005"/>
  <system-out/>
  <testcase classname="com.cg.DemoAnnotationsAttributes" name="testMethod4" time="0.003"/>
  <system-out/>
  <testcase classname="com.cg.DemoAnnotationsAttributes" name="testParameter" time="0.004"/>
  <system-out/>
  <testcase classname="com.cg.DemoAnnotationsAttributes" name="testMethod1" time="0.013"/>
  <system-out/>
  <testcase classname="com.cg.DemoAnnotationsAttributes" name="testMethod3" time="0.006"/>
  <system-out/>
  <testcase classname="com.cg.DemoAnnotationsAttributes" name="useData" time="0.003"/>
  <system-out/>
  <testcase classname="com.cg.DemoAnnotationsAttributes" name="testMethod2" time="0.002"/>
  <system-out/>
  <testcase classname="com.cg.DemoAnnotationsAttributes" name="creditAmount" time="0.002"/>
  <system-out/>
  <testcase classname="com.cg.DemoAnnotationsAttributes" name="login" time="0.002"/>
  <system-out/>
</testsuite> <!-- com.cg.DemoAnnotationsAttributes -->
