<?xml version="1.0" encoding="UTF-8"?>
<!-- Generated by org.testng.reporters.JUnitXMLReporter -->
<testsuite ignored="1" hostname="DESKTOP-C3BNNEF" failures="0" tests="4" name="Test- B" time="0.038" errors="0" timestamp="2022-03-23T22:47:55 IST">
  <testcase classname="com.cg.pack2.DemoMultipleGroups" name="testMethod2" time="0.004"/>
  <testcase classname="com.cg.pack2.DemoMultipleGroups" name="testMethod3" time="0.006"/>
  <testcase classname="com.cg.pack2.DemoMultipleGroups" name="testMethod4" time="0.004"/>
  <testcase classname="com.cg.pack2.DemoMultipleGroups" name="testMethod5" time="0.002"/>
  <testcase classname="com.cg.pack2.DemoMultipleGroups" name="testMethod1" time="0.0">
    <ignored/>
  </testcase> <!-- testMethod1 -->
</testsuite> <!-- Test- B -->
