<?xml version="1.0" encoding="UTF-8"?>
<!-- Generated by org.testng.reporters.JUnitReportReporter -->
<testsuite hostname="DESKTOP-C3BNNEF" failures="0" tests="6" name="com.cg.pack2.DemoMultipleGroups" time="0.026" errors="0" timestamp="2022-03-23T22:47:55 IST" skipped="0">
  <testcase classname="com.cg.pack2.DemoMultipleGroups" name="testMethod1" time="0.006"/>
  <system-out/>
  <testcase classname="com.cg.pack2.DemoMultipleGroups" name="testMethod2" time="0.004"/>
  <system-out/>
  <testcase classname="com.cg.pack2.DemoMultipleGroups" name="testMethod5" time="0.002"/>
  <system-out/>
  <testcase classname="com.cg.pack2.DemoMultipleGroups" name="testMethod2" time="0.004"/>
  <system-out/>
  <testcase classname="com.cg.pack2.DemoMultipleGroups" name="testMethod4" time="0.004"/>
  <system-out/>
  <testcase classname="com.cg.pack2.DemoMultipleGroups" name="testMethod3" time="0.006"/>
  <system-out/>
</testsuite> <!-- com.cg.pack2.DemoMultipleGroups -->
