<?xml version="1.0" encoding="UTF-8"?>
<!-- Generated by org.testng.reporters.JUnitReportReporter -->
<testsuite hostname="DESKTOP-C3BNNEF" failures="0" tests="1" name="com.cg.loan.HomeLoan" time="0.004" errors="0" timestamp="2022-03-23T22:47:55 IST" skipped="0">
  <testcase classname="com.cg.loan.HomeLoan" name="mobileLoginHomeLoan" time="0.004"/>
  <system-out/>
</testsuite> <!-- com.cg.loan.HomeLoan -->
