<?xml version="1.0" encoding="UTF-8"?>
<!-- Generated by org.testng.reporters.JUnitReportReporter -->
<testsuite hostname="DESKTOP-C3BNNEF" failures="0" tests="1" name="com.cg.loan.CarLoan" time="0.003" errors="0" timestamp="2022-03-23T22:47:55 IST" skipped="0">
  <testcase classname="com.cg.loan.CarLoan" name="apiLoginCarLoan" time="0.003"/>
  <system-out/>
</testsuite> <!-- com.cg.loan.CarLoan -->
